<?xml version="1.0" encoding="UTF-8"?>
<!-- Generated by org.testng.reporters.JUnitReportReporter -->
<testsuite hostname="DESKTOP-TKAUCD6" failures="0" tests="11" name="WebTestFrame.ValidatePractice" time="13.011" errors="0" timestamp="19 Jan 2020 02:24:03 GMT">
  <testcase classname="WebTestFrame.ValidatePractice" name="validPracticeCheckbox" time="0.439"/>
  <testcase classname="WebTestFrame.ValidatePractice" name="validPracMouseHovrTop" time="0.389"/>
  <testcase classname="WebTestFrame.ValidatePractice" name="validPracticeRadio" time="0.322"/>
  <testcase classname="WebTestFrame.ValidatePractice" name="validPracticeElementDisplayed" time="0.369"/>
  <testcase classname="WebTestFrame.ValidatePractice" name="validPracMouseHovrReload" time="1.109"/>
  <testcase classname="WebTestFrame.ValidatePractice" name="validPracticeSwitchWindow" time="4.397"/>
  <testcase classname="WebTestFrame.ValidatePractice" name="validPracticeSwitchTab" time="4.345"/>
  <testcase classname="WebTestFrame.ValidatePractice" name="validPracticeWebTable" time="0.237"/>
  <testcase classname="WebTestFrame.ValidatePractice" name="validPracticeDropdown" time="0.484"/>
  <testcase classname="WebTestFrame.ValidatePractice" name="validSuggessionTxtBox" time="0.487"/>
  <testcase classname="WebTestFrame.ValidatePractice" name="validPracticeSwitchAlert" time="0.433"/>
</testsuite> <!-- WebTestFrame.ValidatePractice -->
